# JRE version: Java(TM) SE Runtime Environment (8.0_121-b13) (build 1.8.0_121-b13)
# Java VM: Java HotSpot(TM) 64-Bit Server VM (25.121-b13 mixed mode linux-amd64 compressed oops)
Heap:
 PSYoungGen      total 104960K, used 7651K [0x0000000781f00000, 0x0000000788d00000, 0x00000007c0000000)
  eden space 97280K, 0% used [0x0000000781f00000,0x0000000781f00000,0x0000000787e00000)
  from space 7680K, 99% used [0x0000000788580000,0x0000000788cf8d68,0x0000000788d00000)
  to   space 7680K, 0% used [0x0000000787e00000,0x0000000787e00000,0x0000000788580000)
 ParOldGen       total 128512K, used 14195K [0x0000000705c00000, 0x000000070d980000, 0x0000000781f00000)
  object space 128512K, 11% used [0x0000000705c00000,0x00000007069dcd10,0x000000070d980000)
 Metaspace       used 20718K, capacity 21158K, committed 21296K, reserved 1069056K
  class space    used 2491K, capacity 2619K, committed 2688K, reserved 1048576K
GC Heap History (7 events):
Event: 2.510 GC heap before
{Heap before GC invocations=1 (full 0):
 PSYoungGen      total 56320K, used 48640K [0x0000000781f00000, 0x0000000785d80000, 0x00000007c0000000)
  eden space 48640K, 100% used [0x0000000781f00000,0x0000000784e80000,0x0000000784e80000)
  from space 7680K, 0% used [0x0000000785600000,0x0000000785600000,0x0000000785d80000)
  to   space 7680K, 0% used [0x0000000784e80000,0x0000000784e80000,0x0000000785600000)
 ParOldGen       total 128512K, used 0K [0x0000000705c00000, 0x000000070d980000, 0x0000000781f00000)
  object space 128512K, 0% used [0x0000000705c00000,0x0000000705c00000,0x000000070d980000)
 Metaspace       used 9546K, capacity 9718K, committed 9984K, reserved 1058816K
  class space    used 1172K, capacity 1215K, committed 1280K, reserved 1048576K
Event: 2.536 GC heap after
Heap after GC invocations=1 (full 0):
 PSYoungGen      total 56320K, used 6939K [0x0000000781f00000, 0x0000000788d00000, 0x00000007c0000000)
  eden space 48640K, 0% used [0x0000000781f00000,0x0000000781f00000,0x0000000784e80000)
  from space 7680K, 90% used [0x0000000784e80000,0x0000000785546ec8,0x0000000785600000)
  to   space 7680K, 0% used [0x0000000788580000,0x0000000788580000,0x0000000788d00000)
 ParOldGen       total 128512K, used 8K [0x0000000705c00000, 0x000000070d980000, 0x0000000781f00000)
  object space 128512K, 0% used [0x0000000705c00000,0x0000000705c02000,0x000000070d980000)
 Metaspace       used 9546K, capacity 9718K, committed 9984K, reserved 1058816K
  class space    used 1172K, capacity 1215K, committed 1280K, reserved 1048576K
}
Event: 5.169 GC heap before
{Heap before GC invocations=2 (full 0):
 PSYoungGen      total 56320K, used 55579K [0x0000000781f00000, 0x0000000788d00000, 0x00000007c0000000)
  eden space 48640K, 100% used [0x0000000781f00000,0x0000000784e80000,0x0000000784e80000)
  from space 7680K, 90% used [0x0000000784e80000,0x0000000785546ec8,0x0000000785600000)
  to   space 7680K, 0% used [0x0000000788580000,0x0000000788580000,0x0000000788d00000)
 ParOldGen       total 128512K, used 8K [0x0000000705c00000, 0x000000070d980000, 0x0000000781f00000)
  object space 128512K, 0% used [0x0000000705c00000,0x0000000705c02000,0x000000070d980000)
 Metaspace       used 14702K, capacity 14978K, committed 15232K, reserved 1062912K
  class space    used 1799K, capacity 1907K, committed 1920K, reserved 1048576K
Event: 5.214 GC heap after
Heap after GC invocations=2 (full 0):
 PSYoungGen      total 104960K, used 7665K [0x0000000781f00000, 0x0000000788d00000, 0x00000007c0000000)
  eden space 97280K, 0% used [0x0000000781f00000,0x0000000781f00000,0x0000000787e00000)
  from space 7680K, 99% used [0x0000000788580000,0x0000000788cfc548,0x0000000788d00000)
  to   space 7680K, 0% used [0x0000000787e00000,0x0000000787e00000,0x0000000788580000)
 ParOldGen       total 128512K, used 1580K [0x0000000705c00000, 0x000000070d980000, 0x0000000781f00000)
  object space 128512K, 1% used [0x0000000705c00000,0x0000000705d8b2e8,0x000000070d980000)
 Metaspace       used 14702K, capacity 14978K, committed 15232K, reserved 1062912K
  class space    used 1799K, capacity 1907K, committed 1920K, reserved 1048576K
}
Event: 23.672 GC heap before
{Heap before GC invocations=3 (full 0):
 PSYoungGen      total 104960K, used 104945K [0x0000000781f00000, 0x0000000788d00000, 0x00000007c0000000)
  eden space 97280K, 100% used [0x0000000781f00000,0x0000000787e00000,0x0000000787e00000)
  from space 7680K, 99% used [0x0000000788580000,0x0000000788cfc548,0x0000000788d00000)
  to   space 7680K, 0% used [0x0000000787e00000,0x0000000787e00000,0x0000000788580000)
 ParOldGen       total 128512K, used 1580K [0x0000000705c00000, 0x000000070d980000, 0x0000000781f00000)
  object space 128512K, 1% used [0x0000000705c00000,0x0000000705d8b2e8,0x000000070d980000)
 Metaspace       used 19765K, capacity 20230K, committed 20480K, reserved 1067008K
  class space    used 2406K, capacity 2523K, committed 2560K, reserved 1048576K
Event: 23.710 GC heap after
Heap after GC invocations=3 (full 0):
 PSYoungGen      total 104960K, used 7663K [0x0000000781f00000, 0x0000000788d00000, 0x00000007c0000000)
  eden space 97280K, 0% used [0x0000000781f00000,0x0000000781f00000,0x0000000787e00000)
  from space 7680K, 99% used [0x0000000787e00000,0x000000078857bf08,0x0000000788580000)
  to   space 7680K, 0% used [0x0000000788580000,0x0000000788580000,0x0000000788d00000)
 ParOldGen       total 128512K, used 5404K [0x0000000705c00000, 0x000000070d980000, 0x0000000781f00000)
  object space 128512K, 4% used [0x0000000705c00000,0x00000007061471a0,0x000000070d980000)
 Metaspace       used 19765K, capacity 20230K, committed 20480K, reserved 1067008K
  class space    used 2406K, capacity 2523K, committed 2560K, reserved 1048576K
}
Event: 25.768 GC heap before
{Heap before GC invocations=4 (full 0):
 PSYoungGen      total 104960K, used 49298K [0x0000000781f00000, 0x0000000788d00000, 0x00000007c0000000)
  eden space 97280K, 42% used [0x0000000781f00000,0x00000007847a8b00,0x0000000787e00000)
  from space 7680K, 99% used [0x0000000787e00000,0x000000078857bf08,0x0000000788580000)
  to   space 7680K, 0% used [0x0000000788580000,0x0000000788580000,0x0000000788d00000)
 ParOldGen       total 128512K, used 5404K [0x0000000705c00000, 0x000000070d980000, 0x0000000781f00000)
  object space 128512K, 4% used [0x0000000705c00000,0x00000007061471a0,0x000000070d980000)
 Metaspace       used 20718K, capacity 21158K, committed 21296K, reserved 1069056K
  class space    used 2491K, capacity 2619K, committed 2688K, reserved 1048576K

